Arguments: 
  C:\Program Files\nodejs\node.exe C:\Program Files (x86)\Yarn\bin\yarn.js

PATH: 
  C:\Users\fyzhu\Downloads\cmder_mini\bin;C:\Users\fyzhu\Downloads\cmder_mini\vendor\conemu-maximus5\ConEmu\Scripts;C:\Users\fyzhu\Downloads\cmder_mini\vendor\conemu-maximus5;C:\Users\fyzhu\Downloads\cmder_mini\vendor\conemu-maximus5\ConEmu;C:\ProgramData\Oracle\Java\javapath;C:\Windows\system32;C:\Windows;C:\Windows\System32\Wbem;C:\Windows\System32\WindowsPowerShell\v1.0\;C:\Program Files (x86)\NVIDIA Corporation\PhysX\Common;C:\Program Files\Intel\WiFi\bin\;C:\Program Files\Common Files\Intel\WirelessCommon\;C:\WINDOWS\system32;C:\WINDOWS;C:\WINDOWS\System32\Wbem;C:\WINDOWS\System32\WindowsPowerShell\v1.0\;D:\Program Files\Git\cmd;C:\Program Files (x86)\Skype\Phone\;D:\Program Files\ffmpeg\bin;D:\Program Files\Sublime Text 3;C:\Program Files (x86)\Google\Chrome\Application\;C:\Program Files (x86)\Yarn\bin;C:\Program Files\nodejs\;C:\Program Files\TortoiseSVN\bin;E:\Anaconda2;E:\Anaconda2\Scripts;E:\Anaconda2\Library\bin;C:\Users\fyzhu\AppData\Local\Microsoft\WindowsApps;D:\Program Files\ffmpeg\bin;C:\Users\fyzhu\AppData\Local\GitHubDesktop\bin;C:\Users\fyzhu\AppData\Local\atom\bin;D:\Program Files\Fiddler2;C:\Users\fyzhu\AppData\Local\Yarn\bin;C:\Users\fyzhu\AppData\Roaming\npm;D:\Program Files\Git\usr\bin;D:\Program Files\Git\usr\share\vim\vim74;C:\Users\fyzhu\Downloads\cmder_mini\

Yarn version: 
  1.3.2

Node version: 
  9.2.0

Platform: 
  win32 x64

npm manifest: 
  {
    "name": "es6",
    "version": "1.0.0",
    "main": "index.js",
    "scripts": {
      "test": "echo \"Error: no test specified\" && exit 1"
    },
    "author": "",
    "license": "ISC",
    "description": "",
    "devDependencies": {
      "gulp": "^3.9.1",
      "gulp-concat": "^2.6.1",
      "gulp-if": "^2.0.2",
      "gulp-livereload": "^3.8.1",
      "gulp-plumber": "^1.1.0",
      "gulp-rename": "^1.2.2",
      "gulp-uglify": "^3.0.0",
      "gulp-util": "^3.0.8",
      "vinyl-named": "^1.1.0",
      "webpack": "^3.5.5",
      "webpack-stream": "^4.0.0",
      "yargs": "^8.0.2"
    }
  }

yarn manifest: 
  No manifest

Lockfile: 
  No lockfile

Trace: 
  Error: ENOENT: no such file or directory, copyfile 'C:\Users\fyzhu\AppData\Local\Yarn\cache\v1\npm-arr-diff-2.0.0-8f3b827f955a8bd669697e4a4256ac3ceae356cf\LICENSE' -> 'C:\Users\fyzhu\www\es6\node_modules\anymatch\node_modules\arr-diff\LICENSE'
